[0329/000156.786:ERROR:process_memory_win.cc(73)] ReadMemory at 0x7ff76d740000 of 64 bytes failed: Only part of a ReadProcessMemory or WriteProcessMemory request was completed. (0x12B)
[0329/000156.787:WARNING:pe_image_reader.cc(340)] could not read dos header from C:\Program Files (x86)\Google\Chrome\Application\chrome.exe
[0329/000156.787:ERROR:process_memory_win.cc(73)] ReadMemory at 0x7ffc22de0000 of 64 bytes failed: Only part of a ReadProcessMemory or WriteProcessMemory request was completed. (0x12B)
[0329/000156.787:WARNING:pe_image_reader.cc(340)] could not read dos header from C:\WINDOWS\SYSTEM32\ntdll.dll
[0329/000156.787:ERROR:process_memory_win.cc(73)] ReadMemory at 0x7ffc217b0000 of 64 bytes failed: Only part of a ReadProcessMemory or WriteProcessMemory request was completed. (0x12B)
[0329/000156.788:WARNING:pe_image_reader.cc(340)] could not read dos header from C:\WINDOWS\System32\KERNEL32.DLL
[0329/000156.788:ERROR:process_memory_win.cc(73)] ReadMemory at 0x7ffc1fe20000 of 64 bytes failed: Only part of a ReadProcessMemory or WriteProcessMemory request was completed. (0x12B)
[0329/000156.788:WARNING:pe_image_reader.cc(340)] could not read dos header from C:\WINDOWS\System32\KERNELBASE.dll
[0329/000156.788:ERROR:process_memory_win.cc(73)] ReadMemory at 0x7ffc0bc40000 of 64 bytes failed: Only part of a ReadProcessMemory or WriteProcessMemory request was completed. (0x12B)
[0329/000156.788:WARNING:pe_image_reader.cc(340)] could not read dos header from C:\Program Files (x86)\Google\Chrome\Application\80.0.3987.149\chrome_elf.dll
[0329/000156.788:ERROR:process_memory_win.cc(73)] ReadMemory at 0x7ffc1b300000 of 64 bytes failed: Only part of a ReadProcessMemory or WriteProcessMemory request was completed. (0x12B)
[0329/000156.788:WARNING:pe_image_reader.cc(340)] could not read dos header from C:\WINDOWS\SYSTEM32\VERSION.dll
[0329/000156.788:ERROR:process_memory_win.cc(73)] ReadMemory at 0x7ffc22040000 of 64 bytes failed: Only part of a ReadProcessMemory or WriteProcessMemory request was completed. (0x12B)
[0329/000156.788:WARNING:pe_image_reader.cc(340)] could not read dos header from C:\WINDOWS\System32\msvcrt.dll
[0329/000156.788:ERROR:process_memory_win.cc(73)] ReadMemory at 0x7ffc20150000 of 64 bytes failed: Only part of a ReadProcessMemory or WriteProcessMemory request was completed. (0x12B)
[0329/000156.788:WARNING:pe_image_reader.cc(340)] could not read dos header from C:\WINDOWS\System32\bcryptPrimitives.dll
[0329/000156.788:ERROR:process_memory_win.cc(73)] ReadMemory at 0x7ffc219e0000 of 64 bytes failed: Only part of a ReadProcessMemory or WriteProcessMemory request was completed. (0x12B)
[0329/000156.788:WARNING:pe_image_reader.cc(340)] could not read dos header from C:\WINDOWS\System32\ADVAPI32.dll
[0329/000156.788:ERROR:process_memory_win.cc(73)] ReadMemory at 0x7ffc22aa0000 of 64 bytes failed: Only part of a ReadProcessMemory or WriteProcessMemory request was completed. (0x12B)
[0329/000156.788:WARNING:pe_image_reader.cc(340)] could not read dos header from C:\WINDOWS\System32\sechost.dll
[0329/000156.788:ERROR:process_memory_win.cc(73)] ReadMemory at 0x7ffc21a90000 of 64 bytes failed: Only part of a ReadProcessMemory or WriteProcessMemory request was completed. (0x12B)
[0329/000156.788:WARNING:pe_image_reader.cc(340)] could not read dos header from C:\WINDOWS\System32\RPCRT4.dll
[0329/000156.788:ERROR:process_memory_win.cc(73)] ReadMemory at 0x7ffbc4400000 of 64 bytes failed: Only part of a ReadProcessMemory or WriteProcessMemory request was completed. (0x12B)
[0329/000156.788:WARNING:pe_image_reader.cc(340)] could not read dos header from C:\Program Files (x86)\Google\Chrome\Application\80.0.3987.149\chrome.dll
[0329/000156.788:ERROR:process_memory_win.cc(73)] ReadMemory at 0x7ffc21fd0000 of 64 bytes failed: Only part of a ReadProcessMemory or WriteProcessMemory request was completed. (0x12B)
[0329/000156.788:WARNING:pe_image_reader.cc(340)] could not read dos header from C:\WINDOWS\System32\WS2_32.dll
[0329/000156.788:ERROR:process_memory_win.cc(73)] ReadMemory at 0x7ffc22c60000 of 64 bytes failed: Only part of a ReadProcessMemory or WriteProcessMemory request was completed. (0x12B)
[0329/000156.788:WARNING:pe_image_reader.cc(340)] could not read dos header from C:\WINDOWS\System32\OLEAUT32.dll
[0329/000156.788:ERROR:process_memory_win.cc(73)] ReadMemory at 0x7ffc20df0000 of 64 bytes failed: Only part of a ReadProcessMemory or WriteProcessMemory request was completed. (0x12B)
[0329/000156.789:WARNING:pe_image_reader.cc(340)] could not read dos header from C:\WINDOWS\System32\msvcp_win.dll
[0329/000156.789:ERROR:process_memory_win.cc(73)] ReadMemory at 0x7ffc201d0000 of 64 bytes failed: Only part of a ReadProcessMemory or WriteProcessMemory request was completed. (0x12B)
[0329/000156.789:WARNING:pe_image_reader.cc(340)] could not read dos header from C:\WINDOWS\System32\ucrtbase.dll
[0329/000156.789:ERROR:process_memory_win.cc(73)] ReadMemory at 0x7ffc21c90000 of 64 bytes failed: Only part of a ReadProcessMemory or WriteProcessMemory request was completed. (0x12B)
[0329/000156.789:WARNING:pe_image_reader.cc(340)] could not read dos header from C:\WINDOWS\System32\combase.dll
[0329/000156.789:ERROR:process_memory_win.cc(73)] ReadMemory at 0x7ffc204a0000 of 64 bytes failed: Only part of a ReadProcessMemory or WriteProcessMemory request was completed. (0x12B)
[0329/000156.789:WARNING:pe_image_reader.cc(340)] could not read dos header from C:\WINDOWS\System32\WINTRUST.dll
[0329/000156.789:ERROR:process_memory_win.cc(73)] ReadMemory at 0x7ffc1fcd0000 of 64 bytes failed: Only part of a ReadProcessMemory or WriteProcessMemory request was completed. (0x12B)
[0329/000156.789:WARNING:pe_image_reader.cc(340)] could not read dos header from C:\WINDOWS\System32\MSASN1.dll
[0329/000156.789:ERROR:process_memory_win.cc(73)] ReadMemory at 0x7ffc20520000 of 64 bytes failed: Only part of a ReadProcessMemory or WriteProcessMemory request was completed. (0x12B)
[0329/000156.789:WARNING:pe_image_reader.cc(340)] could not read dos header from C:\WINDOWS\System32\CRYPT32.dll
[0329/000156.789:ERROR:process_memory_win.cc(73)] ReadMemory at 0x7ffc1f1c0000 of 64 bytes failed: Only part of a ReadProcessMemory or WriteProcessMemory request was completed. (0x12B)
[0329/000156.789:WARNING:pe_image_reader.cc(340)] could not read dos header from C:\WINDOWS\SYSTEM32\IPHLPAPI.DLL
[0329/000156.789:ERROR:process_memory_win.cc(73)] ReadMemory at 0x7ffc1da40000 of 64 bytes failed: Only part of a ReadProcessMemory or WriteProcessMemory request was completed. (0x12B)
[0329/000156.789:WARNING:pe_image_reader.cc(340)] could not read dos header from C:\WINDOWS\SYSTEM32\WINMM.dll
[0329/000156.789:ERROR:process_memory_win.cc(73)] ReadMemory at 0x7ffc0fdd0000 of 64 bytes failed: Only part of a ReadProcessMemory or WriteProcessMemory request was completed. (0x12B)
[0329/000156.789:WARNING:pe_image_reader.cc(340)] could not read dos header from C:\WINDOWS\SYSTEM32\Secur32.dll
[0329/000156.790:ERROR:process_memory_win.cc(73)] ReadMemory at 0x7ffc1fb90000 of 64 bytes failed: Only part of a ReadProcessMemory or WriteProcessMemory request was completed. (0x12B)
[0329/000156.790:WARNING:pe_image_reader.cc(340)] could not read dos header from C:\WINDOWS\SYSTEM32\USERENV.dll
[0329/000156.790:ERROR:process_memory_win.cc(73)] ReadMemory at 0x7ffc1fd40000 of 64 bytes failed: Only part of a ReadProcessMemory or WriteProcessMemory request was completed. (0x12B)
[0329/000156.790:WARNING:pe_image_reader.cc(340)] could not read dos header from C:\WINDOWS\System32\profapi.dll
[0329/000156.790:ERROR:process_memory_win.cc(73)] ReadMemory at 0x7ffbf4110000 of 64 bytes failed: Only part of a ReadProcessMemory or WriteProcessMemory request was completed. (0x12B)
[0329/000156.790:WARNING:pe_image_reader.cc(340)] could not read dos header from C:\WINDOWS\SYSTEM32\UIAutomationCore.DLL
[0329/000156.790:ERROR:process_memory_win.cc(73)] ReadMemory at 0x7ffc094e0000 of 64 bytes failed: Only part of a ReadProcessMemory or WriteProcessMemory request was completed. (0x12B)
[0329/000156.790:WARNING:pe_image_reader.cc(340)] could not read dos header from C:\WINDOWS\SYSTEM32\DWrite.dll
[0329/000156.790:ERROR:process_memory_win.cc(73)] ReadMemory at 0x7ffc0ee10000 of 64 bytes failed: Only part of a ReadProcessMemory or WriteProcessMemory request was completed. (0x12B)
[0329/000156.791:WARNING:pe_image_reader.cc(340)] could not read dos header from C:\WINDOWS\SYSTEM32\WINSPOOL.DRV
[0329/000156.791:ERROR:process_memory_win.cc(73)] ReadMemory at 0x7ffc1fcb0000 of 64 bytes failed: Only part of a ReadProcessMemory or WriteProcessMemory request was completed. (0x12B)
[0329/000156.791:WARNING:pe_image_reader.cc(340)] could not read dos header from C:\WINDOWS\System32\kernel.appcore.dll
[0329/000156.791:ERROR:process_memory_win.cc(73)] ReadMemory at 0x7ffc20470000 of 64 bytes failed: Only part of a ReadProcessMemory or WriteProcessMemory request was completed. (0x12B)
[0329/000156.791:WARNING:pe_image_reader.cc(340)] could not read dos header from C:\WINDOWS\System32\bcrypt.dll
[0329/000156.791:ERROR:process_memory_win.cc(73)] ReadMemory at 0x7ffc1e6a0000 of 64 bytes failed: Only part of a ReadProcessMemory or WriteProcessMemory request was completed. (0x12B)
[0329/000156.791:WARNING:pe_image_reader.cc(340)] could not read dos header from C:\WINDOWS\SYSTEM32\dbghelp.dll
[0329/000156.791:ERROR:process_memory_win.cc(73)] ReadMemory at 0x7ffc12790000 of 64 bytes failed: Only part of a ReadProcessMemory or WriteProcessMemory request was completed. (0x12B)
[0329/000156.791:WARNING:pe_image_reader.cc(340)] could not read dos header from C:\WINDOWS\SYSTEM32\WINHTTP.dll
[0329/000156.791:ERROR:process_memory_win.cc(73)] ReadMemory at 0x7ffc17ce0000 of 64 bytes failed: Only part of a ReadProcessMemory or WriteProcessMemory request was completed. (0x12B)
[0329/000156.791:WARNING:pe_image_reader.cc(340)] could not read dos header from C:\WINDOWS\SYSTEM32\dhcpcsvc.DLL
[0329/000156.791:ERROR:process_memory_win.cc(73)] ReadMemory at 0x1f744180000 of 64 bytes failed: Only part of a ReadProcessMemory or WriteProcessMemory request was completed. (0x12B)
[0329/000156.791:WARNING:pe_image_reader.cc(340)] could not read dos header from C:\WINDOWS\System32\NSI.dll
[0329/000156.791:ERROR:process_memory_win.cc(73)] ReadMemory at 0x7ffc1d8e0000 of 64 bytes failed: Only part of a ReadProcessMemory or WriteProcessMemory request was completed. (0x12B)
[0329/000156.791:WARNING:pe_image_reader.cc(340)] could not read dos header from C:\WINDOWS\SYSTEM32\WINMMBASE.dll
[0329/000156.791:ERROR:process_memory_win.cc(73)] ReadMemory at 0x7ffc200d0000 of 64 bytes failed: Only part of a ReadProcessMemory or WriteProcessMemory request was completed. (0x12B)
[0329/000156.791:WARNING:pe_image_reader.cc(340)] could not read dos header from C:\WINDOWS\System32\cfgmgr32.dll
[0329/000156.791:ERROR:process_memory_win.cc(73)] ReadMemory at 0x7ffc1c320000 of 64 bytes failed: Only part of a ReadProcessMemory or WriteProcessMemory request was completed. (0x12B)
[0329/000156.791:WARNING:pe_image_reader.cc(340)] could not read dos header from C:\WINDOWS\SYSTEM32\PROPSYS.dll
[0329/000156.791:ERROR:process_memory_win.cc(73)] ReadMemory at 0x7ffc21080000 of 64 bytes failed: Only part of a ReadProcessMemory or WriteProcessMemory request was completed. (0x12B)
[0329/000156.791:WARNING:pe_image_reader.cc(340)] could not read dos header from C:\WINDOWS\System32\shcore.dll
[0329/000156.791:ERROR:process_memory_win.cc(73)] ReadMemory at 0x7ffc1fbc0000 of 64 bytes failed: Only part of a ReadProcessMemory or WriteProcessMemory request was completed. (0x12B)
[0329/000156.791:WARNING:pe_image_reader.cc(340)] could not read dos header from C:\WINDOWS\SYSTEM32\SSPICLI.DLL
[0329/000156.791:ERROR:process_memory_win.cc(73)] ReadMemory at 0x7ffc1f680000 of 64 bytes failed: Only part of a ReadProcessMemory or WriteProcessMemory request was completed. (0x12B)
[0329/000156.792:WARNING:pe_image_reader.cc(340)] could not read dos header from C:\WINDOWS\SYSTEM32\CRYPTBASE.DLL
[0329/000156.792:ERROR:process_memory_win.cc(73)] ReadMemory at 0x7ff76d740000 of 64 bytes failed: Only part of a ReadProcessMemory or WriteProcessMemory request was completed. (0x12B)
[0329/000156.792:WARNING:pe_image_reader.cc(340)] could not read dos header from C:\Program Files (x86)\Google\Chrome\Application\chrome.exe
[0329/000156.792:ERROR:process_memory_win.cc(73)] ReadMemory at 0x7ffc22de0000 of 64 bytes failed: Only part of a ReadProcessMemory or WriteProcessMemory request was completed. (0x12B)
[0329/000156.792:WARNING:pe_image_reader.cc(340)] could not read dos header from C:\WINDOWS\SYSTEM32\ntdll.dll
[0329/000156.792:ERROR:process_memory_win.cc(73)] ReadMemory at 0x7ffc217b0000 of 64 bytes failed: Only part of a ReadProcessMemory or WriteProcessMemory request was completed. (0x12B)
[0329/000156.792:WARNING:pe_image_reader.cc(340)] could not read dos header from C:\WINDOWS\System32\KERNEL32.DLL
[0329/000156.792:ERROR:process_memory_win.cc(73)] ReadMemory at 0x7ffc1fe20000 of 64 bytes failed: Only part of a ReadProcessMemory or WriteProcessMemory request was completed. (0x12B)
[0329/000156.792:WARNING:pe_image_reader.cc(340)] could not read dos header from C:\WINDOWS\System32\KERNELBASE.dll
[0329/000156.792:ERROR:process_memory_win.cc(73)] ReadMemory at 0x7ffc0bc40000 of 64 bytes failed: Only part of a ReadProcessMemory or WriteProcessMemory request was completed. (0x12B)
[0329/000156.792:WARNING:pe_image_reader.cc(340)] could not read dos header from C:\Program Files (x86)\Google\Chrome\Application\80.0.3987.149\chrome_elf.dll
[0329/000156.792:ERROR:process_memory_win.cc(73)] ReadMemory at 0x7ffc1b300000 of 64 bytes failed: Only part of a ReadProcessMemory or WriteProcessMemory request was completed. (0x12B)
[0329/000156.792:WARNING:pe_image_reader.cc(340)] could not read dos header from C:\WINDOWS\SYSTEM32\VERSION.dll
[0329/000156.792:ERROR:process_memory_win.cc(73)] ReadMemory at 0x7ffc22040000 of 64 bytes failed: Only part of a ReadProcessMemory or WriteProcessMemory request was completed. (0x12B)
[0329/000156.792:WARNING:pe_image_reader.cc(340)] could not read dos header from C:\WINDOWS\System32\msvcrt.dll
[0329/000156.792:ERROR:process_memory_win.cc(73)] ReadMemory at 0x7ffc20150000 of 64 bytes failed: Only part of a ReadProcessMemory or WriteProcessMemory request was completed. (0x12B)
[0329/000156.792:WARNING:pe_image_reader.cc(340)] could not read dos header from C:\WINDOWS\System32\bcryptPrimitives.dll
[0329/000156.792:ERROR:process_memory_win.cc(73)] ReadMemory at 0x7ffc219e0000 of 64 bytes failed: Only part of a ReadProcessMemory or WriteProcessMemory request was completed. (0x12B)
[0329/000156.792:WARNING:pe_image_reader.cc(340)] could not read dos header from C:\WINDOWS\System32\ADVAPI32.dll
[0329/000156.792:ERROR:process_memory_win.cc(73)] ReadMemory at 0x7ffc22aa0000 of 64 bytes failed: Only part of a ReadProcessMemory or WriteProcessMemory request was completed. (0x12B)
[0329/000156.792:WARNING:pe_image_reader.cc(340)] could not read dos header from C:\WINDOWS\System32\sechost.dll
[0329/000156.792:ERROR:process_memory_win.cc(73)] ReadMemory at 0x7ffc21a90000 of 64 bytes failed: Only part of a ReadProcessMemory or WriteProcessMemory request was completed. (0x12B)
[0329/000156.792:WARNING:pe_image_reader.cc(340)] could not read dos header from C:\WINDOWS\System32\RPCRT4.dll
[0329/000156.792:ERROR:process_memory_win.cc(73)] ReadMemory at 0x7ffbc4400000 of 64 bytes failed: Only part of a ReadProcessMemory or WriteProcessMemory request was completed. (0x12B)
[0329/000156.792:WARNING:pe_image_reader.cc(340)] could not read dos header from C:\Program Files (x86)\Google\Chrome\Application\80.0.3987.149\chrome.dll
[0329/000156.793:ERROR:process_memory_win.cc(73)] ReadMemory at 0x7ffc21fd0000 of 64 bytes failed: Only part of a ReadProcessMemory or WriteProcessMemory request was completed. (0x12B)
[0329/000156.793:WARNING:pe_image_reader.cc(340)] could not read dos header from C:\WINDOWS\System32\WS2_32.dll
[0329/000156.793:ERROR:process_memory_win.cc(73)] ReadMemory at 0x7ffc22c60000 of 64 bytes failed: Only part of a ReadProcessMemory or WriteProcessMemory request was completed. (0x12B)
[0329/000156.793:WARNING:pe_image_reader.cc(340)] could not read dos header from C:\WINDOWS\System32\OLEAUT32.dll
[0329/000156.793:ERROR:process_memory_win.cc(73)] ReadMemory at 0x7ffc20df0000 of 64 bytes failed: Only part of a ReadProcessMemory or WriteProcessMemory request was completed. (0x12B)
[0329/000156.793:WARNING:pe_image_reader.cc(340)] could not read dos header from C:\WINDOWS\System32\msvcp_win.dll
[0329/000156.793:ERROR:process_memory_win.cc(73)] ReadMemory at 0x7ffc201d0000 of 64 bytes failed: Only part of a ReadProcessMemory or WriteProcessMemory request was completed. (0x12B)
[0329/000156.793:WARNING:pe_image_reader.cc(340)] could not read dos header from C:\WINDOWS\System32\ucrtbase.dll
[0329/000156.793:ERROR:process_memory_win.cc(73)] ReadMemory at 0x7ffc21c90000 of 64 bytes failed: Only part of a ReadProcessMemory or WriteProcessMemory request was completed. (0x12B)
[0329/000156.793:WARNING:pe_image_reader.cc(340)] could not read dos header from C:\WINDOWS\System32\combase.dll
[0329/000156.793:ERROR:process_memory_win.cc(73)] ReadMemory at 0x7ffc204a0000 of 64 bytes failed: Only part of a ReadProcessMemory or WriteProcessMemory request was completed. (0x12B)
[0329/000156.793:WARNING:pe_image_reader.cc(340)] could not read dos header from C:\WINDOWS\System32\WINTRUST.dll
[0329/000156.793:ERROR:process_memory_win.cc(73)] ReadMemory at 0x7ffc1fcd0000 of 64 bytes failed: Only part of a ReadProcessMemory or WriteProcessMemory request was completed. (0x12B)
[0329/000156.793:WARNING:pe_image_reader.cc(340)] could not read dos header from C:\WINDOWS\System32\MSASN1.dll
[0329/000156.793:ERROR:process_memory_win.cc(73)] ReadMemory at 0x7ffc20520000 of 64 bytes failed: Only part of a ReadProcessMemory or WriteProcessMemory request was completed. (0x12B)
[0329/000156.793:WARNING:pe_image_reader.cc(340)] could not read dos header from C:\WINDOWS\System32\CRYPT32.dll
[0329/000156.793:ERROR:process_memory_win.cc(73)] ReadMemory at 0x7ffc1f1c0000 of 64 bytes failed: Only part of a ReadProcessMemory or WriteProcessMemory request was completed. (0x12B)
[0329/000156.793:WARNING:pe_image_reader.cc(340)] could not read dos header from C:\WINDOWS\SYSTEM32\IPHLPAPI.DLL
[0329/000156.793:ERROR:process_memory_win.cc(73)] ReadMemory at 0x7ffc1da40000 of 64 bytes failed: Only part of a ReadProcessMemory or WriteProcessMemory request was completed. (0x12B)
[0329/000156.793:WARNING:pe_image_reader.cc(340)] could not read dos header from C:\WINDOWS\SYSTEM32\WINMM.dll
[0329/000156.793:ERROR:process_memory_win.cc(73)] ReadMemory at 0x7ffc0fdd0000 of 64 bytes failed: Only part of a ReadProcessMemory or WriteProcessMemory request was completed. (0x12B)
[0329/000156.793:WARNING:pe_image_reader.cc(340)] could not read dos header from C:\WINDOWS\SYSTEM32\Secur32.dll
[0329/000156.793:ERROR:process_memory_win.cc(73)] ReadMemory at 0x7ffc1fb90000 of 64 bytes failed: Only part of a ReadProcessMemory or WriteProcessMemory request was completed. (0x12B)
[0329/000156.794:WARNING:pe_image_reader.cc(340)] could not read dos header from C:\WINDOWS\SYSTEM32\USERENV.dll
[0329/000156.794:ERROR:process_memory_win.cc(73)] ReadMemory at 0x7ffc1fd40000 of 64 bytes failed: Only part of a ReadProcessMemory or WriteProcessMemory request was completed. (0x12B)
[0329/000156.794:WARNING:pe_image_reader.cc(340)] could not read dos header from C:\WINDOWS\System32\profapi.dll
[0329/000156.794:ERROR:process_memory_win.cc(73)] ReadMemory at 0x7ffbf4110000 of 64 bytes failed: Only part of a ReadProcessMemory or WriteProcessMemory request was completed. (0x12B)
[0329/000156.794:WARNING:pe_image_reader.cc(340)] could not read dos header from C:\WINDOWS\SYSTEM32\UIAutomationCore.DLL
[0329/000156.794:ERROR:process_memory_win.cc(73)] ReadMemory at 0x7ffc094e0000 of 64 bytes failed: Only part of a ReadProcessMemory or WriteProcessMemory request was completed. (0x12B)
[0329/000156.794:WARNING:pe_image_reader.cc(340)] could not read dos header from C:\WINDOWS\SYSTEM32\DWrite.dll
[0329/000156.794:ERROR:process_memory_win.cc(73)] ReadMemory at 0x7ffc0ee10000 of 64 bytes failed: Only part of a ReadProcessMemory or WriteProcessMemory request was completed. (0x12B)
[0329/000156.794:WARNING:pe_image_reader.cc(340)] could not read dos header from C:\WINDOWS\SYSTEM32\WINSPOOL.DRV
[0329/000156.795:ERROR:process_memory_win.cc(73)] ReadMemory at 0x7ffc1fcb0000 of 64 bytes failed: Only part of a ReadProcessMemory or WriteProcessMemory request was completed. (0x12B)
[0329/000156.795:WARNING:pe_image_reader.cc(340)] could not read dos header from C:\WINDOWS\System32\kernel.appcore.dll
[0329/000156.795:ERROR:process_memory_win.cc(73)] ReadMemory at 0x7ffc20470000 of 64 bytes failed: Only part of a ReadProcessMemory or WriteProcessMemory request was completed. (0x12B)
[0329/000156.795:WARNING:pe_image_reader.cc(340)] could not read dos header from C:\WINDOWS\System32\bcrypt.dll
[0329/000156.795:ERROR:process_memory_win.cc(73)] ReadMemory at 0x7ffc1e6a0000 of 64 bytes failed: Only part of a ReadProcessMemory or WriteProcessMemory request was completed. (0x12B)
[0329/000156.795:WARNING:pe_image_reader.cc(340)] could not read dos header from C:\WINDOWS\SYSTEM32\dbghelp.dll
[0329/000156.795:ERROR:process_memory_win.cc(73)] ReadMemory at 0x7ffc12790000 of 64 bytes failed: Only part of a ReadProcessMemory or WriteProcessMemory request was completed. (0x12B)
[0329/000156.795:WARNING:pe_image_reader.cc(340)] could not read dos header from C:\WINDOWS\SYSTEM32\WINHTTP.dll
[0329/000156.795:ERROR:process_memory_win.cc(73)] ReadMemory at 0x7ffc17ce0000 of 64 bytes failed: Only part of a ReadProcessMemory or WriteProcessMemory request was completed. (0x12B)
[0329/000156.795:WARNING:pe_image_reader.cc(340)] could not read dos header from C:\WINDOWS\SYSTEM32\dhcpcsvc.DLL
[0329/000156.795:ERROR:process_memory_win.cc(73)] ReadMemory at 0x1f744180000 of 64 bytes failed: Only part of a ReadProcessMemory or WriteProcessMemory request was completed. (0x12B)
[0329/000156.795:WARNING:pe_image_reader.cc(340)] could not read dos header from C:\WINDOWS\System32\NSI.dll
[0329/000156.795:ERROR:process_memory_win.cc(73)] ReadMemory at 0x7ffc1d8e0000 of 64 bytes failed: Only part of a ReadProcessMemory or WriteProcessMemory request was completed. (0x12B)
[0329/000156.796:WARNING:pe_image_reader.cc(340)] could not read dos header from C:\WINDOWS\SYSTEM32\WINMMBASE.dll
[0329/000156.796:ERROR:process_memory_win.cc(73)] ReadMemory at 0x7ffc200d0000 of 64 bytes failed: Only part of a ReadProcessMemory or WriteProcessMemory request was completed. (0x12B)
[0329/000156.796:WARNING:pe_image_reader.cc(340)] could not read dos header from C:\WINDOWS\System32\cfgmgr32.dll
[0329/000156.796:ERROR:process_memory_win.cc(73)] ReadMemory at 0x7ffc1c320000 of 64 bytes failed: Only part of a ReadProcessMemory or WriteProcessMemory request was completed. (0x12B)
[0329/000156.796:WARNING:pe_image_reader.cc(340)] could not read dos header from C:\WINDOWS\SYSTEM32\PROPSYS.dll
[0329/000156.796:ERROR:process_memory_win.cc(73)] ReadMemory at 0x7ffc21080000 of 64 bytes failed: Only part of a ReadProcessMemory or WriteProcessMemory request was completed. (0x12B)
[0329/000156.796:WARNING:pe_image_reader.cc(340)] could not read dos header from C:\WINDOWS\System32\shcore.dll
[0329/000156.796:ERROR:process_memory_win.cc(73)] ReadMemory at 0x7ffc1fbc0000 of 64 bytes failed: Only part of a ReadProcessMemory or WriteProcessMemory request was completed. (0x12B)
[0329/000156.796:WARNING:pe_image_reader.cc(340)] could not read dos header from C:\WINDOWS\SYSTEM32\SSPICLI.DLL
[0329/000156.796:ERROR:process_memory_win.cc(73)] ReadMemory at 0x7ffc1f680000 of 64 bytes failed: Only part of a ReadProcessMemory or WriteProcessMemory request was completed. (0x12B)
[0329/000156.796:WARNING:pe_image_reader.cc(340)] could not read dos header from C:\WINDOWS\SYSTEM32\CRYPTBASE.DLL
[0329/000156.805:ERROR:process_memory_win.cc(73)] ReadMemory at 0x9215bf5000 of 45056 bytes failed: Only part of a ReadProcessMemory or WriteProcessMemory request was completed. (0x12B)
[0329/000156.806:ERROR:process_memory_win.cc(73)] ReadMemory at 0x92163fd000 of 12288 bytes failed: Only part of a ReadProcessMemory or WriteProcessMemory request was completed. (0x12B)
[0329/000156.806:ERROR:process_memory_win.cc(73)] ReadMemory at 0x92173fc000 of 16384 bytes failed: Only part of a ReadProcessMemory or WriteProcessMemory request was completed. (0x12B)
[0329/000156.806:ERROR:process_memory_win.cc(73)] ReadMemory at 0x9217bfc000 of 16384 bytes failed: Only part of a ReadProcessMemory or WriteProcessMemory request was completed. (0x12B)
[0329/000156.806:ERROR:process_memory_win.cc(73)] ReadMemory at 0x92183fe000 of 8192 bytes failed: Only part of a ReadProcessMemory or WriteProcessMemory request was completed. (0x12B)
[0329/000156.806:ERROR:process_memory_win.cc(73)] ReadMemory at 0x9218bfd000 of 12288 bytes failed: Only part of a ReadProcessMemory or WriteProcessMemory request was completed. (0x12B)
[0329/000156.806:ERROR:process_memory_win.cc(73)] ReadMemory at 0x92193fb000 of 20480 bytes failed: Only part of a ReadProcessMemory or WriteProcessMemory request was completed. (0x12B)
[0329/000156.806:ERROR:process_memory_win.cc(73)] ReadMemory at 0x921a3fd000 of 12288 bytes failed: Only part of a ReadProcessMemory or WriteProcessMemory request was completed. (0x12B)
[0329/000156.807:ERROR:process_memory_win.cc(73)] ReadMemory at 0x921abfd000 of 12288 bytes failed: Only part of a ReadProcessMemory or WriteProcessMemory request was completed. (0x12B)
[0329/000156.807:ERROR:process_memory_win.cc(73)] ReadMemory at 0x921b3fd000 of 12288 bytes failed: Only part of a ReadProcessMemory or WriteProcessMemory request was completed. (0x12B)
[0329/000156.807:ERROR:process_memory_win.cc(73)] ReadMemory at 0x921bbfd000 of 12288 bytes failed: Only part of a ReadProcessMemory or WriteProcessMemory request was completed. (0x12B)
[0329/000156.807:ERROR:process_memory_win.cc(73)] ReadMemory at 0x921c3fd000 of 12288 bytes failed: Only part of a ReadProcessMemory or WriteProcessMemory request was completed. (0x12B)
[0329/000156.807:ERROR:process_memory_win.cc(73)] ReadMemory at 0x921cbfd000 of 12288 bytes failed: Only part of a ReadProcessMemory or WriteProcessMemory request was completed. (0x12B)
[0329/000156.807:ERROR:process_memory_win.cc(73)] ReadMemory at 0x921fbfc000 of 16384 bytes failed: Only part of a ReadProcessMemory or WriteProcessMemory request was completed. (0x12B)
[0329/000156.807:ERROR:process_memory_win.cc(73)] ReadMemory at 0x9216bfd000 of 12288 bytes failed: Only part of a ReadProcessMemory or WriteProcessMemory request was completed. (0x12B)
[0329/000156.807:ERROR:process_memory_win.cc(73)] ReadMemory at 0x9219bfd000 of 12288 bytes failed: Only part of a ReadProcessMemory or WriteProcessMemory request was completed. (0x12B)
[0329/000156.808:ERROR:process_memory_win.cc(73)] ReadMemory at 0x921524c000 of 852 bytes failed: Only part of a ReadProcessMemory or WriteProcessMemory request was completed. (0x12B)
[0329/000156.808:ERROR:process_memory_win.cc(73)] ReadMemory at 0x921524d000 of 6024 bytes failed: Only part of a ReadProcessMemory or WriteProcessMemory request was completed. (0x12B)
[0329/000156.808:ERROR:process_memory_win.cc(73)] ReadMemory at 0x921524f000 of 6024 bytes failed: Only part of a ReadProcessMemory or WriteProcessMemory request was completed. (0x12B)
[0329/000156.808:ERROR:process_memory_win.cc(73)] ReadMemory at 0x9215253000 of 6024 bytes failed: Only part of a ReadProcessMemory or WriteProcessMemory request was completed. (0x12B)
[0329/000156.808:ERROR:process_memory_win.cc(73)] ReadMemory at 0x9215255000 of 6024 bytes failed: Only part of a ReadProcessMemory or WriteProcessMemory request was completed. (0x12B)
[0329/000156.808:ERROR:process_memory_win.cc(73)] ReadMemory at 0x9215257000 of 6024 bytes failed: Only part of a ReadProcessMemory or WriteProcessMemory request was completed. (0x12B)
[0329/000156.808:ERROR:process_memory_win.cc(73)] ReadMemory at 0x9215259000 of 6024 bytes failed: Only part of a ReadProcessMemory or WriteProcessMemory request was completed. (0x12B)
[0329/000156.808:ERROR:process_memory_win.cc(73)] ReadMemory at 0x921525b000 of 6024 bytes failed: Only part of a ReadProcessMemory or WriteProcessMemory request was completed. (0x12B)
[0329/000156.808:ERROR:process_memory_win.cc(73)] ReadMemory at 0x921525f000 of 6024 bytes failed: Only part of a ReadProcessMemory or WriteProcessMemory request was completed. (0x12B)
[0329/000156.809:ERROR:process_memory_win.cc(73)] ReadMemory at 0x9215261000 of 6024 bytes failed: Only part of a ReadProcessMemory or WriteProcessMemory request was completed. (0x12B)
[0329/000156.809:ERROR:process_memory_win.cc(73)] ReadMemory at 0x9215263000 of 6024 bytes failed: Only part of a ReadProcessMemory or WriteProcessMemory request was completed. (0x12B)
[0329/000156.809:ERROR:process_memory_win.cc(73)] ReadMemory at 0x9215265000 of 6024 bytes failed: Only part of a ReadProcessMemory or WriteProcessMemory request was completed. (0x12B)
[0329/000156.809:ERROR:process_memory_win.cc(73)] ReadMemory at 0x9215267000 of 6024 bytes failed: Only part of a ReadProcessMemory or WriteProcessMemory request was completed. (0x12B)
[0329/000156.809:ERROR:process_memory_win.cc(73)] ReadMemory at 0x9215269000 of 6024 bytes failed: Only part of a ReadProcessMemory or WriteProcessMemory request was completed. (0x12B)
[0329/000156.809:ERROR:process_memory_win.cc(73)] ReadMemory at 0x9215275000 of 6024 bytes failed: Only part of a ReadProcessMemory or WriteProcessMemory request was completed. (0x12B)
[0329/000156.809:ERROR:process_memory_win.cc(73)] ReadMemory at 0x9215277000 of 6024 bytes failed: Only part of a ReadProcessMemory or WriteProcessMemory request was completed. (0x12B)
[0329/000156.809:ERROR:process_memory_win.cc(73)] ReadMemory at 0x9215279000 of 6024 bytes failed: Only part of a ReadProcessMemory or WriteProcessMemory request was completed. (0x12B)
[0329/000156.809:ERROR:process_memory_win.cc(73)] ReadMemory at 0x1f744190fe0 of 7300 bytes failed: Only part of a ReadProcessMemory or WriteProcessMemory request was completed. (0x12B)
[0329/000156.810:ERROR:process_memory_win.cc(73)] ReadMemory at 0x1f744192c70 of 1012 bytes failed: Only part of a ReadProcessMemory or WriteProcessMemory request was completed. (0x12B)
[0329/000156.810:ERROR:process_memory_win.cc(73)] ReadMemory at 0x1f7441932b8 of 118 bytes failed: Only part of a ReadProcessMemory or WriteProcessMemory request was completed. (0x12B)
[0329/000156.810:ERROR:process_memory_win.cc(73)] ReadMemory at 0x1f744193330 of 758 bytes failed: Only part of a ReadProcessMemory or WriteProcessMemory request was completed. (0x12B)
[0329/000156.810:ERROR:process_memory_win.cc(73)] ReadMemory at 0x1f744193628 of 118 bytes failed: Only part of a ReadProcessMemory or WriteProcessMemory request was completed. (0x12B)
[0329/000156.810:ERROR:process_memory_win.cc(73)] ReadMemory at 0x1f7441936a0 of 96 bytes failed: Only part of a ReadProcessMemory or WriteProcessMemory request was completed. (0x12B)
[0329/000156.810:ERROR:process_memory_win.cc(73)] ReadMemory at 0x1f744193710 of 58 bytes failed: Only part of a ReadProcessMemory or WriteProcessMemory request was completed. (0x12B)
[0329/000156.811:ERROR:process_memory_win.cc(73)] ReadMemory at 0x1f744193810 of 132 bytes failed: Only part of a ReadProcessMemory or WriteProcessMemory request was completed. (0x12B)
[0329/000156.811:ERROR:process_memory_win.cc(73)] ReadMemory at 0x1f7441939a0 of 132 bytes failed: Only part of a ReadProcessMemory or WriteProcessMemory request was completed. (0x12B)
[0329/000156.811:ERROR:process_memory_win.cc(73)] ReadMemory at 0x1f744193b60 of 126 bytes failed: Only part of a ReadProcessMemory or WriteProcessMemory request was completed. (0x12B)
[0329/000156.811:ERROR:process_memory_win.cc(73)] ReadMemory at 0x1f744193f40 of 132 bytes failed: Only part of a ReadProcessMemory or WriteProcessMemory request was completed. (0x12B)
[0329/000156.811:ERROR:process_memory_win.cc(73)] ReadMemory at 0x1f7441940d0 of 64 bytes failed: Only part of a ReadProcessMemory or WriteProcessMemory request was completed. (0x12B)
[0329/000156.811:ERROR:process_memory_win.cc(73)] ReadMemory at 0x1f744194120 of 132 bytes failed: Only part of a ReadProcessMemory or WriteProcessMemory request was completed. (0x12B)
[0329/000156.811:ERROR:process_memory_win.cc(73)] ReadMemory at 0x1f744194290 of 132 bytes failed: Only part of a ReadProcessMemory or WriteProcessMemory request was completed. (0x12B)
[0329/000156.811:ERROR:process_memory_win.cc(73)] ReadMemory at 0x1f744194530 of 132 bytes failed: Only part of a ReadProcessMemory or WriteProcessMemory request was completed. (0x12B)
[0329/000156.811:ERROR:process_memory_win.cc(73)] ReadMemory at 0x1f7441946c0 of 68 bytes failed: Only part of a ReadProcessMemory or WriteProcessMemory request was completed. (0x12B)
[0329/000156.812:ERROR:process_memory_win.cc(73)] ReadMemory at 0x1f7441956b0 of 146 bytes failed: Only part of a ReadProcessMemory or WriteProcessMemory request was completed. (0x12B)
[0329/000156.812:ERROR:process_memory_win.cc(73)] ReadMemory at 0x1f744195790 of 132 bytes failed: Only part of a ReadProcessMemory or WriteProcessMemory request was completed. (0x12B)
[0329/000156.812:ERROR:process_memory_win.cc(73)] ReadMemory at 0x1f744195920 of 154 bytes failed: Only part of a ReadProcessMemory or WriteProcessMemory request was completed. (0x12B)
[0329/000156.812:ERROR:process_memory_win.cc(73)] ReadMemory at 0x1f74419686c of 512 bytes failed: Only part of a ReadProcessMemory or WriteProcessMemory request was completed. (0x12B)
[0329/000156.812:ERROR:process_memory_win.cc(73)] ReadMemory at 0x1f744196c80 of 132 bytes failed: Only part of a ReadProcessMemory or WriteProcessMemory request was completed. (0x12B)
[0329/000156.812:ERROR:process_memory_win.cc(73)] ReadMemory at 0x1f744197ba0 of 60 bytes failed: Only part of a ReadProcessMemory or WriteProcessMemory request was completed. (0x12B)
[0329/000156.812:ERROR:process_memory_win.cc(73)] ReadMemory at 0x1f744197c50 of 62 bytes failed: Only part of a ReadProcessMemory or WriteProcessMemory request was completed. (0x12B)
[0329/000156.812:ERROR:process_memory_win.cc(73)] ReadMemory at 0x1f744197ca0 of 132 bytes failed: Only part of a ReadProcessMemory or WriteProcessMemory request was completed. (0x12B)
[0329/000156.812:ERROR:process_memory_win.cc(73)] ReadMemory at 0x1f744197e40 of 132 bytes failed: Only part of a ReadProcessMemory or WriteProcessMemory request was completed. (0x12B)
[0329/000156.812:ERROR:process_memory_win.cc(73)] ReadMemory at 0x1f7441980d0 of 132 bytes failed: Only part of a ReadProcessMemory or WriteProcessMemory request was completed. (0x12B)
[0329/000156.812:ERROR:process_memory_win.cc(73)] ReadMemory at 0x1f74419a750 of 132 bytes failed: Only part of a ReadProcessMemory or WriteProcessMemory request was completed. (0x12B)
[0329/000156.812:ERROR:process_memory_win.cc(73)] ReadMemory at 0x1f74419a880 of 132 bytes failed: Only part of a ReadProcessMemory or WriteProcessMemory request was completed. (0x12B)
[0329/000156.812:ERROR:process_memory_win.cc(73)] ReadMemory at 0x1f74419aaa0 of 132 bytes failed: Only part of a ReadProcessMemory or WriteProcessMemory request was completed. (0x12B)
[0329/000156.812:ERROR:process_memory_win.cc(73)] ReadMemory at 0x1f74419ad00 of 132 bytes failed: Only part of a ReadProcessMemory or WriteProcessMemory request was completed. (0x12B)
[0329/000156.812:ERROR:process_memory_win.cc(73)] ReadMemory at 0x1f74419ae90 of 80 bytes failed: Only part of a ReadProcessMemory or WriteProcessMemory request was completed. (0x12B)
[0329/000156.812:ERROR:process_memory_win.cc(73)] ReadMemory at 0x1f74419afb0 of 60 bytes failed: Only part of a ReadProcessMemory or WriteProcessMemory request was completed. (0x12B)
[0329/000156.813:ERROR:process_memory_win.cc(73)] ReadMemory at 0x1f74419b050 of 64 bytes failed: Only part of a ReadProcessMemory or WriteProcessMemory request was completed. (0x12B)
[0329/000156.813:ERROR:process_memory_win.cc(73)] ReadMemory at 0x1f74419b0a0 of 66 bytes failed: Only part of a ReadProcessMemory or WriteProcessMemory request was completed. (0x12B)
[0329/000156.813:ERROR:process_memory_win.cc(73)] ReadMemory at 0x1f74419b0f0 of 64 bytes failed: Only part of a ReadProcessMemory or WriteProcessMemory request was completed. (0x12B)
[0329/000156.813:ERROR:process_memory_win.cc(73)] ReadMemory at 0x1f74419b140 of 62 bytes failed: Only part of a ReadProcessMemory or WriteProcessMemory request was completed. (0x12B)
[0329/000156.813:ERROR:process_memory_win.cc(73)] ReadMemory at 0x1f74419b190 of 64 bytes failed: Only part of a ReadProcessMemory or WriteProcessMemory request was completed. (0x12B)
[0329/000156.813:ERROR:process_memory_win.cc(73)] ReadMemory at 0x1f74419b1e0 of 62 bytes failed: Only part of a ReadProcessMemory or WriteProcessMemory request was completed. (0x12B)
[0329/000156.813:ERROR:process_memory_win.cc(73)] ReadMemory at 0x1f74419b280 of 64 bytes failed: Only part of a ReadProcessMemory or WriteProcessMemory request was completed. (0x12B)
[0329/000156.813:ERROR:process_memory_win.cc(73)] ReadMemory at 0x1f74419b3c0 of 60 bytes failed: Only part of a ReadProcessMemory or WriteProcessMemory request was completed. (0x12B)
[0329/000156.813:ERROR:process_memory_win.cc(73)] ReadMemory at 0x1f74419c490 of 76 bytes failed: Only part of a ReadProcessMemory or WriteProcessMemory request was completed. (0x12B)
[0329/000156.813:ERROR:process_memory_win.cc(73)] ReadMemory at 0x1f74419c850 of 80 bytes failed: Only part of a ReadProcessMemory or WriteProcessMemory request was completed. (0x12B)
[0329/000156.813:ERROR:process_memory_win.cc(73)] ReadMemory at 0x1f74419cc00 of 62 bytes failed: Only part of a ReadProcessMemory or WriteProcessMemory request was completed. (0x12B)
[0329/000156.813:ERROR:process_memory_win.cc(73)] ReadMemory at 0x1f74419cde0 of 62 bytes failed: Only part of a ReadProcessMemory or WriteProcessMemory request was completed. (0x12B)
[0329/000156.813:ERROR:process_memory_win.cc(73)] ReadMemory at 0x1f74419cf20 of 60 bytes failed: Only part of a ReadProcessMemory or WriteProcessMemory request was completed. (0x12B)
[0329/000156.813:ERROR:process_memory_win.cc(73)] ReadMemory at 0x1f74419cf70 of 64 bytes failed: Only part of a ReadProcessMemory or WriteProcessMemory request was completed. (0x12B)
[0329/000156.813:ERROR:process_memory_win.cc(73)] ReadMemory at 0x1f74419d060 of 62 bytes failed: Only part of a ReadProcessMemory or WriteProcessMemory request was completed. (0x12B)
[0329/000156.813:ERROR:process_memory_win.cc(73)] ReadMemory at 0x1f74419d240 of 66 bytes failed: Only part of a ReadProcessMemory or WriteProcessMemory request was completed. (0x12B)
[0329/000156.814:ERROR:process_memory_win.cc(73)] ReadMemory at 0x1f74419d290 of 58 bytes failed: Only part of a ReadProcessMemory or WriteProcessMemory request was completed. (0x12B)
[0329/000156.814:ERROR:process_memory_win.cc(73)] ReadMemory at 0x1f74419d2e0 of 60 bytes failed: Only part of a ReadProcessMemory or WriteProcessMemory request was completed. (0x12B)
[0329/000156.814:ERROR:process_memory_win.cc(73)] ReadMemory at 0x1f74419d330 of 62 bytes failed: Only part of a ReadProcessMemory or WriteProcessMemory request was completed. (0x12B)
[0329/000156.814:ERROR:process_memory_win.cc(73)] ReadMemory at 0x1f74419d420 of 64 bytes failed: Only part of a ReadProcessMemory or WriteProcessMemory request was completed. (0x12B)
[0329/000156.814:ERROR:process_memory_win.cc(73)] ReadMemory at 0x1f74419d600 of 60 bytes failed: Only part of a ReadProcessMemory or WriteProcessMemory request was completed. (0x12B)
[0329/000156.814:ERROR:process_memory_win.cc(73)] ReadMemory at 0x1f74419d790 of 62 bytes failed: Only part of a ReadProcessMemory or WriteProcessMemory request was completed. (0x12B)
[0329/000156.814:ERROR:process_memory_win.cc(73)] ReadMemory at 0x1f74419d920 of 64 bytes failed: Only part of a ReadProcessMemory or WriteProcessMemory request was completed. (0x12B)
[0329/000156.814:ERROR:process_memory_win.cc(73)] ReadMemory at 0x1f74419da10 of 62 bytes failed: Only part of a ReadProcessMemory or WriteProcessMemory request was completed. (0x12B)
[0329/000156.814:ERROR:process_memory_win.cc(73)] ReadMemory at 0x1f74419da60 of 62 bytes failed: Only part of a ReadProcessMemory or WriteProcessMemory request was completed. (0x12B)
[0329/000156.814:ERROR:process_memory_win.cc(73)] ReadMemory at 0x1f74419dab0 of 60 bytes failed: Only part of a ReadProcessMemory or WriteProcessMemory request was completed. (0x12B)
[0329/000156.814:ERROR:process_memory_win.cc(73)] ReadMemory at 0x1f74419db00 of 64 bytes failed: Only part of a ReadProcessMemory or WriteProcessMemory request was completed. (0x12B)
[0329/000156.814:ERROR:process_memory_win.cc(73)] ReadMemory at 0x1f74419db50 of 62 bytes failed: Only part of a ReadProcessMemory or WriteProcessMemory request was completed. (0x12B)
[0329/000156.814:ERROR:process_memory_win.cc(73)] ReadMemory at 0x1f74419f120 of 54 bytes failed: Only part of a ReadProcessMemory or WriteProcessMemory request was completed. (0x12B)
[0329/000156.814:ERROR:process_memory_win.cc(73)] ReadMemory at 0x1f7441a0d70 of 132 bytes failed: Only part of a ReadProcessMemory or WriteProcessMemory request was completed. (0x12B)
[0329/000156.814:ERROR:process_memory_win.cc(73)] ReadMemory at 0x1f7441a0f80 of 132 bytes failed: Only part of a ReadProcessMemory or WriteProcessMemory request was completed. (0x12B)
[0329/000156.814:ERROR:process_memory_win.cc(73)] ReadMemory at 0x1f7441a5b60 of 132 bytes failed: Only part of a ReadProcessMemory or WriteProcessMemory request was completed. (0x12B)
[0329/000156.814:ERROR:process_memory_win.cc(73)] ReadMemory at 0x1f7441a5c90 of 132 bytes failed: Only part of a ReadProcessMemory or WriteProcessMemory request was completed. (0x12B)
[0329/000156.814:ERROR:process_memory_win.cc(73)] ReadMemory at 0x1f7441a5dc0 of 132 bytes failed: Only part of a ReadProcessMemory or WriteProcessMemory request was completed. (0x12B)
[0329/000156.814:ERROR:process_memory_win.cc(73)] ReadMemory at 0x1f7441a5ef0 of 132 bytes failed: Only part of a ReadProcessMemory or WriteProcessMemory request was completed. (0x12B)
[0329/000156.814:ERROR:process_memory_win.cc(73)] ReadMemory at 0x1f7441a6020 of 132 bytes failed: Only part of a ReadProcessMemory or WriteProcessMemory request was completed. (0x12B)
[0329/000156.814:ERROR:process_memory_win.cc(73)] ReadMemory at 0x1f7441a6150 of 132 bytes failed: Only part of a ReadProcessMemory or WriteProcessMemory request was completed. (0x12B)
[0329/000156.814:ERROR:process_memory_win.cc(73)] ReadMemory at 0x1f7441a6280 of 132 bytes failed: Only part of a ReadProcessMemory or WriteProcessMemory request was completed. (0x12B)
[0329/000156.815:ERROR:process_memory_win.cc(73)] ReadMemory at 0x1f7441a63b0 of 132 bytes failed: Only part of a ReadProcessMemory or WriteProcessMemory request was completed. (0x12B)
[0329/000156.815:ERROR:process_memory_win.cc(73)] ReadMemory at 0x1f7441a64e0 of 132 bytes failed: Only part of a ReadProcessMemory or WriteProcessMemory request was completed. (0x12B)
[0329/000156.815:ERROR:process_memory_win.cc(73)] ReadMemory at 0x1f7441a6610 of 132 bytes failed: Only part of a ReadProcessMemory or WriteProcessMemory request was completed. (0x12B)
[0329/000156.815:ERROR:process_memory_win.cc(73)] ReadMemory at 0x1f7441a6740 of 132 bytes failed: Only part of a ReadProcessMemory or WriteProcessMemory request was completed. (0x12B)
[0329/000156.815:ERROR:process_memory_win.cc(73)] ReadMemory at 0x1f7441a6870 of 132 bytes failed: Only part of a ReadProcessMemory or WriteProcessMemory request was completed. (0x12B)
[0329/000156.815:ERROR:process_memory_win.cc(73)] ReadMemory at 0x1f7441a70a0 of 132 bytes failed: Only part of a ReadProcessMemory or WriteProcessMemory request was completed. (0x12B)
[0329/000156.815:ERROR:process_memory_win.cc(73)] ReadMemory at 0x1f7441a7430 of 132 bytes failed: Only part of a ReadProcessMemory or WriteProcessMemory request was completed. (0x12B)
[0329/000156.815:ERROR:process_memory_win.cc(73)] ReadMemory at 0x1f7441a7560 of 132 bytes failed: Only part of a ReadProcessMemory or WriteProcessMemory request was completed. (0x12B)
[0329/000156.815:ERROR:process_memory_win.cc(73)] ReadMemory at 0x1f7441a7690 of 132 bytes failed: Only part of a ReadProcessMemory or WriteProcessMemory request was completed. (0x12B)
[0329/000156.815:ERROR:process_memory_win.cc(73)] ReadMemory at 0x1f7441a8140 of 132 bytes failed: Only part of a ReadProcessMemory or WriteProcessMemory request was completed. (0x12B)
[0329/000156.815:ERROR:process_memory_win.cc(73)] ReadMemory at 0x1f7441a8270 of 132 bytes failed: Only part of a ReadProcessMemory or WriteProcessMemory request was completed. (0x12B)
[0329/000156.815:ERROR:process_memory_win.cc(73)] ReadMemory at 0x1f7441a8990 of 132 bytes failed: Only part of a ReadProcessMemory or WriteProcessMemory request was completed. (0x12B)
[0329/000156.815:ERROR:process_memory_win.cc(73)] ReadMemory at 0x1f7441a8ac0 of 132 bytes failed: Only part of a ReadProcessMemory or WriteProcessMemory request was completed. (0x12B)
[0329/000156.815:ERROR:process_memory_win.cc(73)] ReadMemory at 0x1f7441a8bf0 of 132 bytes failed: Only part of a ReadProcessMemory or WriteProcessMemory request was completed. (0x12B)
[0329/000156.815:ERROR:process_memory_win.cc(73)] ReadMemory at 0x1f7441a8d20 of 132 bytes failed: Only part of a ReadProcessMemory or WriteProcessMemory request was completed. (0x12B)
[0329/000156.815:ERROR:process_memory_win.cc(73)] ReadMemory at 0x1f7441bfaa0 of 512 bytes failed: Only part of a ReadProcessMemory or WriteProcessMemory request was completed. (0x12B)
[0329/000156.815:ERROR:process_memory_win.cc(73)] ReadMemory at 0x1f7441c0840 of 512 bytes failed: Only part of a ReadProcessMemory or WriteProcessMemory request was completed. (0x12B)
[0329/000156.816:ERROR:process_memory_win.cc(73)] ReadMemory at 0x1f744520f40 of 512 bytes failed: Only part of a ReadProcessMemory or WriteProcessMemory request was completed. (0x12B)
[0329/000156.816:ERROR:process_memory_win.cc(73)] ReadMemory at 0x1f744675970 of 512 bytes failed: Only part of a ReadProcessMemory or WriteProcessMemory request was completed. (0x12B)
[0329/000156.816:ERROR:process_memory_win.cc(73)] ReadMemory at 0x1f7446902f0 of 512 bytes failed: Only part of a ReadProcessMemory or WriteProcessMemory request was completed. (0x12B)
[0329/000156.816:ERROR:process_memory_win.cc(73)] ReadMemory at 0x1f744691f40 of 512 bytes failed: Only part of a ReadProcessMemory or WriteProcessMemory request was completed. (0x12B)
[0329/000156.816:ERROR:process_memory_win.cc(73)] ReadMemory at 0x1f744694ce0 of 512 bytes failed: Only part of a ReadProcessMemory or WriteProcessMemory request was completed. (0x12B)
[0329/000156.816:ERROR:process_memory_win.cc(73)] ReadMemory at 0x1f7446b6250 of 712 bytes failed: Only part of a ReadProcessMemory or WriteProcessMemory request was completed. (0x12B)
[0329/000156.816:ERROR:process_memory_win.cc(73)] ReadMemory at 0x1f7446bf630 of 512 bytes failed: Only part of a ReadProcessMemory or WriteProcessMemory request was completed. (0x12B)
[0329/000156.816:ERROR:process_memory_win.cc(73)] ReadMemory at 0x1f7446c1b48 of 512 bytes failed: Only part of a ReadProcessMemory or WriteProcessMemory request was completed. (0x12B)
[0329/000156.816:ERROR:process_memory_win.cc(73)] ReadMemory at 0x1f7446c1f38 of 512 bytes failed: Only part of a ReadProcessMemory or WriteProcessMemory request was completed. (0x12B)
[0329/000156.816:ERROR:process_memory_win.cc(73)] ReadMemory at 0x1f7446c2b98 of 512 bytes failed: Only part of a ReadProcessMemory or WriteProcessMemory request was completed. (0x12B)
[0329/000156.817:ERROR:process_memory_win.cc(73)] ReadMemory at 0x1f7446c2ef8 of 512 bytes failed: Only part of a ReadProcessMemory or WriteProcessMemory request was completed. (0x12B)
[0329/000156.817:ERROR:process_memory_win.cc(73)] ReadMemory at 0x1f7446c31c8 of 512 bytes failed: Only part of a ReadProcessMemory or WriteProcessMemory request was completed. (0x12B)
[0329/000156.817:ERROR:process_memory_win.cc(73)] ReadMemory at 0x1f7446f33e0 of 512 bytes failed: Only part of a ReadProcessMemory or WriteProcessMemory request was completed. (0x12B)
[0329/000156.817:ERROR:process_memory_win.cc(73)] ReadMemory at 0x1f746430000 of 384 bytes failed: Only part of a ReadProcessMemory or WriteProcessMemory request was completed. (0x12B)
[0329/000156.817:ERROR:process_memory_win.cc(73)] ReadMemory at 0x1f74646f280 of 512 bytes failed: Only part of a ReadProcessMemory or WriteProcessMemory request was completed. (0x12B)
[0329/000156.817:ERROR:process_memory_win.cc(73)] ReadMemory at 0x1f746abd990 of 512 bytes failed: Only part of a ReadProcessMemory or WriteProcessMemory request was completed. (0x12B)
[0329/000156.817:ERROR:process_memory_win.cc(73)] ReadMemory at 0x1f746ad1bf0 of 512 bytes failed: Only part of a ReadProcessMemory or WriteProcessMemory request was completed. (0x12B)
[0329/000156.817:ERROR:process_memory_win.cc(73)] ReadMemory at 0x519072324a80 of 512 bytes failed: Only part of a ReadProcessMemory or WriteProcessMemory request was completed. (0x12B)
[0329/000156.817:ERROR:process_memory_win.cc(73)] ReadMemory at 0x7ffbc69b054c of 512 bytes failed: Only part of a ReadProcessMemory or WriteProcessMemory request was completed. (0x12B)
[0329/000156.817:ERROR:process_memory_win.cc(73)] ReadMemory at 0x7ffbc7743d1b of 512 bytes failed: Only part of a ReadProcessMemory or WriteProcessMemory request was completed. (0x12B)
[0329/000156.817:ERROR:process_memory_win.cc(73)] ReadMemory at 0x7ffc2008b720 of 512 bytes failed: Only part of a ReadProcessMemory or WriteProcessMemory request was completed. (0x12B)
[0329/000156.818:ERROR:process_memory_win.cc(73)] ReadMemory at 0x7ffc22e7c0c4 of 672 bytes failed: Only part of a ReadProcessMemory or WriteProcessMemory request was completed. (0x12B)
[0329/000156.818:ERROR:process_memory_win.cc(73)] ReadMemory at 0x7ffc22e7c6c4 of 512 bytes failed: Only part of a ReadProcessMemory or WriteProcessMemory request was completed. (0x12B)
[0329/000156.818:ERROR:process_memory_win.cc(73)] ReadMemory at 0x7ffc22e7f974 of 608 bytes failed: Only part of a ReadProcessMemory or WriteProcessMemory request was completed. (0x12B)
[0329/000156.818:ERROR:process_memory_win.cc(73)] ReadMemory at 0x7ffc22f0c428 of 18 bytes failed: Only part of a ReadProcessMemory or WriteProcessMemory request was completed. (0x12B)
[0329/000156.818:ERROR:process_memory_win.cc(73)] ReadMemory at 0x7ffc22f3f4f8 of 40 bytes failed: Only part of a ReadProcessMemory or WriteProcessMemory request was completed. (0x12B)
[0329/000156.818:ERROR:process_memory_win.cc(73)] ReadMemory at 0x7ffc22f3f978 of 48 bytes failed: Only part of a ReadProcessMemory or WriteProcessMemory request was completed. (0x12B)
[0329/000156.818:ERROR:process_memory_win.cc(73)] ReadMemory at 0x7ffc22f453c0 of 64 bytes failed: Only part of a ReadProcessMemory or WriteProcessMemory request was completed. (0x12B)
[0329/000156.820:ERROR:scoped_process_suspend.cc(40)] NtResumeProcess: An attempt was made to access an exiting process. (0xc000010a)
[0329/000259.660:ERROR:process_reader_win.cc(151)] SuspendThread: Access is denied. (0x5)
[0329/000259.660:ERROR:exception_snapshot_win.cc(98)] thread ID 4004 not found in process
[0329/000259.660:ERROR:scoped_process_suspend.cc(40)] NtResumeProcess: An attempt was made to access an exiting process. (0xc000010a)
[1013/083229.558:ERROR:settings.cc(430)] Settings version is not 5
[1013/084229.580:ERROR:directory_reader_win.cc(43)] FindFirstFile: The system cannot find the path specified. (0x3)
[1014/084116.157:ERROR:directory_reader_win.cc(43)] FindFirstFile: The system cannot find the path specified. (0x3)
